1682479581131:Quit
1682479583047:exit
1682480135171:help
1682480162227:newProd
1682480371346:exit
1682480506255:help
1682480509352:newProd
1682480513246:new-prod
1682480519988:exit
1682480577163:help
1682480661790:exit
1682480871999:help
1682480874377:exit
1682483111778:help
1682483119536:new-prod -N dd
1682488140485:exit
1682492878452:help
1682492887214:new-prod -N dd
1682493116969:help new-prod
1682493125556:new-prod --name ddd
1682493151441:exit
1682493267741:new-prod -N ddd
1682494036626:exit
1682494826087:new-prod -N dd
1682494860516:new-prod -N FCN1
1682495044937:exit
1682497946160:help
1682497951918:new-prod -N asfa
1682497956505:exit
